Using pre-set license
Built from '2020.3/china_unity/release' branch; Version is '2020.3.11f1c1 (77449f27ef9b) revision 7816351'; Using compiler version '192528614'; Build Type 'Release'
OS: 'Windows 7  (6.1.0) 64bit' Language: 'zh' Physical Memory: 8130 MB
BatchMode: 1, IsHumanControllingUs: 0, StartBugReporterOnCrash: 0, Is64bit: 1, IsPro: 0

 COMMAND LINE ARGUMENTS:
d:\Program Files\UnityIde\2020.3.11f1c1\Editor\Unity.exe
-adb2
-batchMode
-noUpm
-name
AssetImportWorker0
-projectPath
D:/UnityProject/Data-Persistence-Project
-logFile
Logs/AssetImportWorker0.log
-srvPort
2133
Successfully changed project path to: D:/UnityProject/Data-Persistence-Project
D:/UnityProject/Data-Persistence-Project
Using Asset Import Pipeline V2.
Refreshing native plugins compatible for Editor in 67.82 ms, found 2 plugins.
Preloading 0 native plugins for Editor in 0.00 ms.
Initialize engine version: 2020.3.11f1c1 (77449f27ef9b)
[Subsystems] Discovering subsystems at path d:/Program Files/UnityIde/2020.3.11f1c1/Editor/Data/Resources/UnitySubsystems
[Subsystems] Discovering subsystems at path D:/UnityProject/Data-Persistence-Project/Assets
GfxDevice: creating device client; threaded=0
d3d11: CreateDXGIFactory2(...) not found, fallbacking to CreateDXGIFactory1(...).
d3d11: QueryInterface(IDXGIFactory5) failed (80004002).
Direct3D:
    Version:  Direct3D 11.0 [level 11.0]
    Renderer: NVIDIA GeForce GTX 750 (ID=0x1381)
    Vendor:   
    VRAM:     963 MB
    Driver:   23.21.13.9135
Shader 'Universal Render Pipeline/Particles/Lit': fallback shader 'Universal Render Pipeline/Particles/SimpleLit' not found
Initialize mono
Mono path[0] = 'd:/Program Files/UnityIde/2020.3.11f1c1/Editor/Data/Managed'
Mono path[1] = 'd:/Program Files/UnityIde/2020.3.11f1c1/Editor/Data/MonoBleedingEdge/lib/mono/unityjit'
Mono config path = 'd:/Program Files/UnityIde/2020.3.11f1c1/Editor/Data/MonoBleedingEdge/etc'
Using monoOptions --debugger-agent=transport=dt_socket,embedding=1,server=y,suspend=n,address=127.0.0.1:56332
Begin MonoManager ReloadAssembly
Registering precompiled unity dll's ...
Register platform support module: d:/Program Files/UnityIde/2020.3.11f1c1/Editor/Data/PlaybackEngines/WebGLSupport/UnityEditor.WebGL.Extensions.dll
Register platform support module: d:/Program Files/UnityIde/2020.3.11f1c1/Editor/Data/PlaybackEngines/WindowsStandaloneSupport/UnityEditor.WindowsStandalone.Extensions.dll
Registered in 0.001069 seconds.
Native extension for WindowsStandalone target not found
Native extension for WebGL target not found
Refreshing native plugins compatible for Editor in 58.67 ms, found 2 plugins.
Preloading 0 native plugins for Editor in 0.00 ms.
Mono: successfully reloaded assembly
- Completed reload, in  2.296 seconds
Platform modules already initialized, skipping
Registering precompiled user dll's ...
Registered in 0.003856 seconds.
Begin MonoManager ReloadAssembly
Native extension for WindowsStandalone target not found
Native extension for WebGL target not found
Refreshing native plugins compatible for Editor in 56.81 ms, found 2 plugins.
Preloading 0 native plugins for Editor in 0.00 ms.
Mono: successfully reloaded assembly
- Completed reload, in  1.283 seconds
Platform modules already initialized, skipping
========================================================================
Worker process is ready to serve import requests
Shader 'Universal Render Pipeline/Particles/Lit': fallback shader 'Universal Render Pipeline/Particles/SimpleLit' not found
Launched and connected shader compiler UnityShaderCompiler.exe after 0.11 seconds
Refreshing native plugins compatible for Editor in 0.56 ms, found 2 plugins.
Preloading 0 native plugins for Editor in 0.00 ms.
Unloading 2693 Unused Serialized files (Serialized files now loaded: 0)
System memory in use before: 131.8 MB.
System memory in use after: 132.0 MB.

Unloading 19 unused Assets to reduce memory usage. Loaded Objects now: 3125.
Total: 2.574225 ms (FindLiveObjects: 0.266211 ms CreateObjectMapping: 0.134068 ms MarkObjects: 2.096970 ms  DeleteObjects: 0.076335 ms)

========================================================================
Received Import Request.
  path: Assets/Bounce.physicMaterial
  artifactKey: Guid(bc24b7fc41d5dfb4698e2ca16a37dfad) Importer(815301076,1909f56bfc062723c751e8b465ee728b)
Start importing Assets/Bounce.physicMaterial using Guid(bc24b7fc41d5dfb4698e2ca16a37dfad) Importer(815301076,1909f56bfc062723c751e8b465ee728b)  -> (artifact id: '1403efc6be2392189457ff26c5d74ba4') in 0.071514 seconds
  Import took 0.076160 seconds .

========================================================================
Received Import Request.
  Time since last request: 61.801234 seconds.
  path: Assets/Settings/ForwardRenderer.asset
  artifactKey: Guid(4a8e21d5c33334b11b34a596161b9360) Importer(815301076,1909f56bfc062723c751e8b465ee728b)
Start importing Assets/Settings/ForwardRenderer.asset using Guid(4a8e21d5c33334b11b34a596161b9360) Importer(815301076,1909f56bfc062723c751e8b465ee728b)  -> (artifact id: '2807e69f866dd67ed2ab5385a03bd32f') in 0.006448 seconds
  Import took 0.011502 seconds .

========================================================================
Received Import Request.
  Time since last request: 0.000255 seconds.
  path: Assets/Settings/UniversalRP-LowQuality.asset
  artifactKey: Guid(a31e9f9f9c9d4b9429ed0d1234e22103) Importer(815301076,1909f56bfc062723c751e8b465ee728b)
Start importing Assets/Settings/UniversalRP-LowQuality.asset using Guid(a31e9f9f9c9d4b9429ed0d1234e22103) Importer(815301076,1909f56bfc062723c751e8b465ee728b)  -> (artifact id: '177cecf847260b11228d82849888d535') in 0.004870 seconds
  Import took 0.009177 seconds .

========================================================================
Received Import Request.
  Time since last request: 2.344728 seconds.
  path: Assets/Scenes/main.unity
  artifactKey: Guid(78a510c781f19db4da14f78ebb30946a) Importer(815301076,1909f56bfc062723c751e8b465ee728b)
Start importing Assets/Scenes/main.unity using Guid(78a510c781f19db4da14f78ebb30946a) Importer(815301076,1909f56bfc062723c751e8b465ee728b)  -> (artifact id: 'e995457a0cc3240c5dbbb3c5378bbc7c') in 0.003261 seconds
  Import took 0.007722 seconds .

========================================================================
Received Import Request.
  Time since last request: 0.022884 seconds.
  path: Assets/Scenes/main.unity
  artifactKey: Guid(78a510c781f19db4da14f78ebb30946a) Importer(815301076,1909f56bfc062723c751e8b465ee728b)
Start importing Assets/Scenes/main.unity using Guid(78a510c781f19db4da14f78ebb30946a) Importer(815301076,1909f56bfc062723c751e8b465ee728b)  -> (artifact id: 'e995457a0cc3240c5dbbb3c5378bbc7c') in 0.002866 seconds
  Import took 0.008329 seconds .

========================================================================
Received Prepare
Registering precompiled user dll's ...
Registered in 0.003705 seconds.
Begin MonoManager ReloadAssembly
Native extension for WindowsStandalone target not found
Native extension for WebGL target not found
Refreshing native plugins compatible for Editor in 0.61 ms, found 2 plugins.
Preloading 0 native plugins for Editor in 0.00 ms.
Mono: successfully reloaded assembly
- Completed reload, in  1.111 seconds
Platform modules already initialized, skipping
Shader 'Universal Render Pipeline/Particles/Lit': fallback shader 'Universal Render Pipeline/Particles/SimpleLit' not found
Refreshing native plugins compatible for Editor in 0.55 ms, found 2 plugins.
Preloading 0 native plugins for Editor in 0.00 ms.
Unloading 2586 Unused Serialized files (Serialized files now loaded: 0)
System memory in use before: 124.9 MB.
System memory in use after: 125.1 MB.

Unloading 14 unused Assets to reduce memory usage. Loaded Objects now: 3130.
Total: 2.429573 ms (FindLiveObjects: 0.267814 ms CreateObjectMapping: 0.131181 ms MarkObjects: 2.009409 ms  DeleteObjects: 0.019886 ms)

========================================================================
Received Prepare
Registering precompiled user dll's ...
Registered in 0.018476 seconds.
Begin MonoManager ReloadAssembly
Native extension for WindowsStandalone target not found
Native extension for WebGL target not found
Refreshing native plugins compatible for Editor in 0.56 ms, found 2 plugins.
Preloading 0 native plugins for Editor in 0.00 ms.
Mono: successfully reloaded assembly
- Completed reload, in  1.121 seconds
Platform modules already initialized, skipping
Shader 'Universal Render Pipeline/Particles/Lit': fallback shader 'Universal Render Pipeline/Particles/SimpleLit' not found
Refreshing native plugins compatible for Editor in 0.58 ms, found 2 plugins.
Preloading 0 native plugins for Editor in 0.00 ms.
Unloading 2584 Unused Serialized files (Serialized files now loaded: 0)
System memory in use before: 124.9 MB.
System memory in use after: 125.1 MB.

Unloading 14 unused Assets to reduce memory usage. Loaded Objects now: 3133.
Total: 2.710858 ms (FindLiveObjects: 0.252740 ms CreateObjectMapping: 0.124445 ms MarkObjects: 2.275620 ms  DeleteObjects: 0.056770 ms)

========================================================================
Received Import Request.
  Time since last request: 714.765480 seconds.
  path: Assets/Scenes/main
  artifactKey: Guid(0324fff4cad75cb48b8978b5e6bf00f6) Importer(815301076,1909f56bfc062723c751e8b465ee728b)
Start importing Assets/Scenes/main using Guid(0324fff4cad75cb48b8978b5e6bf00f6) Importer(815301076,1909f56bfc062723c751e8b465ee728b)  -> (artifact id: '0106e44bc3d1eaa9a8ce91ddc5237085') in 0.009065 seconds
  Import took 0.014656 seconds .

========================================================================
Received Import Request.
  Time since last request: 0.062437 seconds.
  path: Assets/Scenes/main/LightingData.asset
  artifactKey: Guid(aab254d1aea9631409dac5cd2c2fffff) Importer(815301076,1909f56bfc062723c751e8b465ee728b)
Start importing Assets/Scenes/main/LightingData.asset using Guid(aab254d1aea9631409dac5cd2c2fffff) Importer(815301076,1909f56bfc062723c751e8b465ee728b)  -> (artifact id: '193c12179fb3dc8504d46f30f7c07ca5') in 0.014510 seconds
  Import took 0.019589 seconds .

========================================================================
Received Import Request.
  Time since last request: 0.000243 seconds.
  path: Assets/Scenes/main/Lightmap-0_comp_light.exr
  artifactKey: Guid(2ecc755580d6f084997630f3f0941ce7) Importer(815301076,1909f56bfc062723c751e8b465ee728b)
Start importing Assets/Scenes/main/Lightmap-0_comp_light.exr using Guid(2ecc755580d6f084997630f3f0941ce7) Importer(815301076,1909f56bfc062723c751e8b465ee728b)  -> (artifact id: 'b3bd9a44f4419e951b85dcef935fcf43') in 0.092130 seconds
  Import took 0.096386 seconds .

========================================================================
Received Import Request.
  Time since last request: 0.000211 seconds.
  path: Assets/Scenes/main/ReflectionProbe-0.exr
  artifactKey: Guid(511383301bedd8347ba7dfeb964b532f) Importer(815301076,1909f56bfc062723c751e8b465ee728b)
Start importing Assets/Scenes/main/ReflectionProbe-0.exr using Guid(511383301bedd8347ba7dfeb964b532f) Importer(815301076,1909f56bfc062723c751e8b465ee728b)  -> (artifact id: 'cdb0f911e6ce826973a72997b0e79ac7') in 0.141644 seconds
  Import took 0.146355 seconds .

========================================================================
Received Import Request.
  Time since last request: 0.000237 seconds.
  path: Assets/Scenes/main/Lightmap-0_comp_dir.png
  artifactKey: Guid(730192e110b9aae43852ccfd8e3f8948) Importer(815301076,1909f56bfc062723c751e8b465ee728b)
Start importing Assets/Scenes/main/Lightmap-0_comp_dir.png using Guid(730192e110b9aae43852ccfd8e3f8948) Importer(815301076,1909f56bfc062723c751e8b465ee728b)  -> (artifact id: '63f7c590ba759c84edd9e6385db966dc') in 0.024833 seconds
  Import took 0.029130 seconds .

========================================================================
Received Prepare
Registering precompiled user dll's ...
Registered in 0.003853 seconds.
Begin MonoManager ReloadAssembly
Native extension for WindowsStandalone target not found
Native extension for WebGL target not found
Refreshing native plugins compatible for Editor in 0.55 ms, found 2 plugins.
Preloading 0 native plugins for Editor in 0.00 ms.
Mono: successfully reloaded assembly
- Completed reload, in  1.125 seconds
Platform modules already initialized, skipping
Shader 'Universal Render Pipeline/Particles/Lit': fallback shader 'Universal Render Pipeline/Particles/SimpleLit' not found
Refreshing native plugins compatible for Editor in 0.59 ms, found 2 plugins.
Preloading 0 native plugins for Editor in 0.00 ms.
Unloading 2584 Unused Serialized files (Serialized files now loaded: 0)
System memory in use before: 128.2 MB.
System memory in use after: 128.4 MB.

Unloading 14 unused Assets to reduce memory usage. Loaded Objects now: 3172.
Total: 3.274391 ms (FindLiveObjects: 0.332282 ms CreateObjectMapping: 0.243759 ms MarkObjects: 2.662748 ms  DeleteObjects: 0.034639 ms)

========================================================================
Received Import Request.
  Time since last request: 90.762777 seconds.
  path: Assets/Scenes
  artifactKey: Guid(b3d8a22b2eaae1048a5db3be5ce09cb2) Importer(815301076,1909f56bfc062723c751e8b465ee728b)
Start importing Assets/Scenes using Guid(b3d8a22b2eaae1048a5db3be5ce09cb2) Importer(815301076,1909f56bfc062723c751e8b465ee728b)  -> (artifact id: '9760701c150a809891aab1297b28c68d') in 0.008915 seconds
  Import took 0.015613 seconds .

========================================================================
Received Import Request.
  Time since last request: 13.550078 seconds.
  path: Assets/Scenes/StartMenu.unity
  artifactKey: Guid(5bf14372aac752c4a82392d4770576b3) Importer(815301076,1909f56bfc062723c751e8b465ee728b)
Start importing Assets/Scenes/StartMenu.unity using Guid(5bf14372aac752c4a82392d4770576b3) Importer(815301076,1909f56bfc062723c751e8b465ee728b)  -> (artifact id: '005bc81a60c86d254460dac50d824a0e') in 0.016922 seconds
  Import took 0.022500 seconds .

========================================================================
Received Import Request.
  Time since last request: 0.005126 seconds.
  path: Assets/Scenes/StartMenu.unity
  artifactKey: Guid(5bf14372aac752c4a82392d4770576b3) Importer(815301076,1909f56bfc062723c751e8b465ee728b)
Start importing Assets/Scenes/StartMenu.unity using Guid(5bf14372aac752c4a82392d4770576b3) Importer(815301076,1909f56bfc062723c751e8b465ee728b)  -> (artifact id: '005bc81a60c86d254460dac50d824a0e') in 0.003008 seconds
  Import took 0.008378 seconds .

========================================================================
Received Prepare
Registering precompiled user dll's ...
Registered in 0.003746 seconds.
Begin MonoManager ReloadAssembly
Native extension for WindowsStandalone target not found
Native extension for WebGL target not found
Refreshing native plugins compatible for Editor in 0.58 ms, found 2 plugins.
Preloading 0 native plugins for Editor in 0.00 ms.
Mono: successfully reloaded assembly
- Completed reload, in  1.155 seconds
Platform modules already initialized, skipping
Shader 'Universal Render Pipeline/Particles/Lit': fallback shader 'Universal Render Pipeline/Particles/SimpleLit' not found
Refreshing native plugins compatible for Editor in 0.57 ms, found 2 plugins.
Preloading 0 native plugins for Editor in 0.00 ms.
Unloading 2597 Unused Serialized files (Serialized files now loaded: 0)
System memory in use before: 130.4 MB.
System memory in use after: 129.9 MB.

Unloading 27 unused Assets to reduce memory usage. Loaded Objects now: 3175.
Total: 3.985462 ms (FindLiveObjects: 0.384562 ms CreateObjectMapping: 0.261720 ms MarkObjects: 2.910997 ms  DeleteObjects: 0.426578 ms)

========================================================================
Received Prepare
Registering precompiled user dll's ...
Registered in 0.004264 seconds.
Begin MonoManager ReloadAssembly
Native extension for WindowsStandalone target not found
Native extension for WebGL target not found
Refreshing native plugins compatible for Editor in 0.56 ms, found 2 plugins.
Preloading 0 native plugins for Editor in 0.00 ms.
Mono: successfully reloaded assembly
- Completed reload, in  1.125 seconds
Platform modules already initialized, skipping
Shader 'Universal Render Pipeline/Particles/Lit': fallback shader 'Universal Render Pipeline/Particles/SimpleLit' not found
Refreshing native plugins compatible for Editor in 0.59 ms, found 2 plugins.
Preloading 0 native plugins for Editor in 0.00 ms.
Unloading 2597 Unused Serialized files (Serialized files now loaded: 0)
System memory in use before: 130.4 MB.
System memory in use after: 129.9 MB.

Unloading 27 unused Assets to reduce memory usage. Loaded Objects now: 3178.
Total: 3.427382 ms (FindLiveObjects: 0.261720 ms CreateObjectMapping: 0.122200 ms MarkObjects: 2.631636 ms  DeleteObjects: 0.410221 ms)

========================================================================
Received Prepare
Registering precompiled user dll's ...
Registered in 0.003497 seconds.
Begin MonoManager ReloadAssembly
Native extension for WindowsStandalone target not found
Native extension for WebGL target not found
Refreshing native plugins compatible for Editor in 0.57 ms, found 2 plugins.
Preloading 0 native plugins for Editor in 0.00 ms.
Mono: successfully reloaded assembly
- Completed reload, in  1.103 seconds
Platform modules already initialized, skipping
Shader 'Universal Render Pipeline/Particles/Lit': fallback shader 'Universal Render Pipeline/Particles/SimpleLit' not found
Refreshing native plugins compatible for Editor in 0.56 ms, found 2 plugins.
Preloading 0 native plugins for Editor in 0.00 ms.
Unloading 2597 Unused Serialized files (Serialized files now loaded: 0)
System memory in use before: 130.4 MB.
System memory in use after: 130.0 MB.

Unloading 27 unused Assets to reduce memory usage. Loaded Objects now: 3181.
Total: 3.384082 ms (FindLiveObjects: 0.366922 ms CreateObjectMapping: 0.129577 ms MarkObjects: 2.461646 ms  DeleteObjects: 0.423371 ms)

========================================================================
Received Prepare
Registering precompiled user dll's ...
Registered in 0.004082 seconds.
Begin MonoManager ReloadAssembly
Native extension for WindowsStandalone target not found
Native extension for WebGL target not found
Refreshing native plugins compatible for Editor in 0.75 ms, found 2 plugins.
Preloading 0 native plugins for Editor in 0.00 ms.
Mono: successfully reloaded assembly
- Completed reload, in  1.138 seconds
Platform modules already initialized, skipping
Shader 'Universal Render Pipeline/Particles/Lit': fallback shader 'Universal Render Pipeline/Particles/SimpleLit' not found
Refreshing native plugins compatible for Editor in 0.60 ms, found 2 plugins.
Preloading 0 native plugins for Editor in 0.00 ms.
Unloading 2597 Unused Serialized files (Serialized files now loaded: 0)
System memory in use before: 130.4 MB.
System memory in use after: 130.0 MB.

Unloading 27 unused Assets to reduce memory usage. Loaded Objects now: 3184.
Total: 3.731118 ms (FindLiveObjects: 0.281606 ms CreateObjectMapping: 0.127011 ms MarkObjects: 2.931203 ms  DeleteObjects: 0.389694 ms)

========================================================================
Received Import Request.
  Time since last request: 2315.205533 seconds.
  path: Assets/Scenes/StartMenu.unity
  artifactKey: Guid(5bf14372aac752c4a82392d4770576b3) Importer(815301076,1909f56bfc062723c751e8b465ee728b)
Start importing Assets/Scenes/StartMenu.unity using Guid(5bf14372aac752c4a82392d4770576b3) Importer(815301076,1909f56bfc062723c751e8b465ee728b)  -> (artifact id: '99c60fe7f024b68fcd6d6ee629eba02f') in 0.017771 seconds
  Import took 0.022924 seconds .

========================================================================
Received Import Request.
  Time since last request: 64.933565 seconds.
  path: Assets/Scripts
  artifactKey: Guid(02a3527b6b33a924e8ec66aa805ea717) Importer(815301076,1909f56bfc062723c751e8b465ee728b)
Start importing Assets/Scripts using Guid(02a3527b6b33a924e8ec66aa805ea717) Importer(815301076,1909f56bfc062723c751e8b465ee728b)  -> (artifact id: 'f0a913a0049096cde5d6a727232f232f') in 0.003413 seconds
  Import took 0.009774 seconds .

========================================================================
Received Import Request.
  Time since last request: 4.844372 seconds.
  path: Assets/Scripts/MainManager.cs
  artifactKey: Guid(d110623a642692246a42fbc2d8d89884) Importer(815301076,1909f56bfc062723c751e8b465ee728b)
Start importing Assets/Scripts/MainManager.cs using Guid(d110623a642692246a42fbc2d8d89884) Importer(815301076,1909f56bfc062723c751e8b465ee728b)  -> (artifact id: 'f40b51ca6a1f4ab1f392e76f352a0a64') in 0.019089 seconds
  Import took 0.025038 seconds .

========================================================================
Received Import Request.
  Time since last request: 0.001379 seconds.
  path: Assets/Scripts/MainManager.cs
  artifactKey: Guid(d110623a642692246a42fbc2d8d89884) Importer(815301076,1909f56bfc062723c751e8b465ee728b)
Start importing Assets/Scripts/MainManager.cs using Guid(d110623a642692246a42fbc2d8d89884) Importer(815301076,1909f56bfc062723c751e8b465ee728b)  -> (artifact id: 'f40b51ca6a1f4ab1f392e76f352a0a64') in 0.002390 seconds
  Import took 0.007855 seconds .

========================================================================
Received Import Request.
  Time since last request: 111.614444 seconds.
  path: Assets/Scripts/StartMenuManager.cs
  artifactKey: Guid(3b29425085a8f2e4c869460519114965) Importer(815301076,1909f56bfc062723c751e8b465ee728b)
Start importing Assets/Scripts/StartMenuManager.cs using Guid(3b29425085a8f2e4c869460519114965) Importer(815301076,1909f56bfc062723c751e8b465ee728b)  -> (artifact id: '0ec88b777cc5c59437d1f4e77e522120') in 0.012613 seconds
  Import took 0.021537 seconds .

========================================================================
Received Prepare
Registering precompiled user dll's ...
Registered in 0.003600 seconds.
Begin MonoManager ReloadAssembly
Native extension for WindowsStandalone target not found
Native extension for WebGL target not found
Refreshing native plugins compatible for Editor in 0.54 ms, found 2 plugins.
Preloading 0 native plugins for Editor in 0.00 ms.
Mono: successfully reloaded assembly
- Completed reload, in  1.156 seconds
Platform modules already initialized, skipping
Shader 'Universal Render Pipeline/Particles/Lit': fallback shader 'Universal Render Pipeline/Particles/SimpleLit' not found
Refreshing native plugins compatible for Editor in 0.72 ms, found 2 plugins.
Preloading 0 native plugins for Editor in 0.00 ms.
Unloading 2598 Unused Serialized files (Serialized files now loaded: 0)
System memory in use before: 130.4 MB.
System memory in use after: 130.0 MB.

Unloading 27 unused Assets to reduce memory usage. Loaded Objects now: 3188.
Total: 3.297163 ms (FindLiveObjects: 0.270701 ms CreateObjectMapping: 0.129898 ms MarkObjects: 2.491796 ms  DeleteObjects: 0.403165 ms)

========================================================================
Received Import Request.
  Time since last request: 102.303921 seconds.
  path: Assets/Scripts/StartMenuManager.cs
  artifactKey: Guid(3b29425085a8f2e4c869460519114965) Importer(815301076,1909f56bfc062723c751e8b465ee728b)
Start importing Assets/Scripts/StartMenuManager.cs using Guid(3b29425085a8f2e4c869460519114965) Importer(815301076,1909f56bfc062723c751e8b465ee728b)  -> (artifact id: '8f31dcf65841a9c0a74a5e6ee73270c9') in 0.009821 seconds
  Import took 0.016823 seconds .

========================================================================
Received Prepare
Registering precompiled user dll's ...
Registered in 0.008952 seconds.
Begin MonoManager ReloadAssembly
Native extension for WindowsStandalone target not found
Native extension for WebGL target not found
Refreshing native plugins compatible for Editor in 0.54 ms, found 2 plugins.
Preloading 0 native plugins for Editor in 0.00 ms.
Mono: successfully reloaded assembly
- Completed reload, in  1.116 seconds
Platform modules already initialized, skipping
Shader 'Universal Render Pipeline/Particles/Lit': fallback shader 'Universal Render Pipeline/Particles/SimpleLit' not found
Refreshing native plugins compatible for Editor in 0.57 ms, found 2 plugins.
Preloading 0 native plugins for Editor in 0.00 ms.
Unloading 2598 Unused Serialized files (Serialized files now loaded: 0)
System memory in use before: 130.5 MB.
System memory in use after: 130.1 MB.

Unloading 27 unused Assets to reduce memory usage. Loaded Objects now: 3191.
Total: 3.407496 ms (FindLiveObjects: 0.261400 ms CreateObjectMapping: 0.155878 ms MarkObjects: 2.453628 ms  DeleteObjects: 0.534987 ms)

========================================================================
Received Import Request.
  Time since last request: 56.680930 seconds.
  path: Assets/Scripts/StartMenuManager.cs
  artifactKey: Guid(3b29425085a8f2e4c869460519114965) Importer(815301076,1909f56bfc062723c751e8b465ee728b)
Start importing Assets/Scripts/StartMenuManager.cs using Guid(3b29425085a8f2e4c869460519114965) Importer(815301076,1909f56bfc062723c751e8b465ee728b)  -> (artifact id: '662b7c06ab2380050b5d5464e97dece7') in 0.006519 seconds
  Import took 0.011718 seconds .

========================================================================
Received Prepare
Registering precompiled user dll's ...
Registered in 0.003355 seconds.
Begin MonoManager ReloadAssembly
Native extension for WindowsStandalone target not found
Native extension for WebGL target not found
Refreshing native plugins compatible for Editor in 0.71 ms, found 2 plugins.
Preloading 0 native plugins for Editor in 0.00 ms.
Mono: successfully reloaded assembly
- Completed reload, in  1.096 seconds
Platform modules already initialized, skipping
Shader 'Universal Render Pipeline/Particles/Lit': fallback shader 'Universal Render Pipeline/Particles/SimpleLit' not found
Refreshing native plugins compatible for Editor in 0.55 ms, found 2 plugins.
Preloading 0 native plugins for Editor in 0.00 ms.
Unloading 2598 Unused Serialized files (Serialized files now loaded: 0)
System memory in use before: 130.5 MB.
System memory in use after: 130.1 MB.

Unloading 27 unused Assets to reduce memory usage. Loaded Objects now: 3194.
Total: 3.409100 ms (FindLiveObjects: 0.271022 ms CreateObjectMapping: 0.126691 ms MarkObjects: 2.396537 ms  DeleteObjects: 0.613247 ms)

========================================================================
Received Import Request.
  Time since last request: 30.565614 seconds.
  path: Assets/Scripts/StartMenuManager.cs
  artifactKey: Guid(3b29425085a8f2e4c869460519114965) Importer(815301076,1909f56bfc062723c751e8b465ee728b)
Start importing Assets/Scripts/StartMenuManager.cs using Guid(3b29425085a8f2e4c869460519114965) Importer(815301076,1909f56bfc062723c751e8b465ee728b)  -> (artifact id: 'f3884990463127736c333b3e9e021070') in 0.010670 seconds
  Import took 0.015781 seconds .

========================================================================
Received Prepare
Registering precompiled user dll's ...
Registered in 0.004009 seconds.
Begin MonoManager ReloadAssembly
Native extension for WindowsStandalone target not found
Native extension for WebGL target not found
Refreshing native plugins compatible for Editor in 0.56 ms, found 2 plugins.
Preloading 0 native plugins for Editor in 0.00 ms.
Mono: successfully reloaded assembly
- Completed reload, in  1.117 seconds
Platform modules already initialized, skipping
Shader 'Universal Render Pipeline/Particles/Lit': fallback shader 'Universal Render Pipeline/Particles/SimpleLit' not found
Refreshing native plugins compatible for Editor in 0.82 ms, found 2 plugins.
Preloading 0 native plugins for Editor in 0.01 ms.
Unloading 2598 Unused Serialized files (Serialized files now loaded: 0)
System memory in use before: 130.6 MB.
System memory in use after: 130.1 MB.

Unloading 27 unused Assets to reduce memory usage. Loaded Objects now: 3197.
Total: 4.337950 ms (FindLiveObjects: 0.366601 ms CreateObjectMapping: 0.180253 ms MarkObjects: 3.269580 ms  DeleteObjects: 0.519913 ms)

========================================================================
Received Import Request.
  Time since last request: 835.708162 seconds.
  path: Assets/Scripts/StartMenuManager.cs
  artifactKey: Guid(3b29425085a8f2e4c869460519114965) Importer(815301076,1909f56bfc062723c751e8b465ee728b)
Start importing Assets/Scripts/StartMenuManager.cs using Guid(3b29425085a8f2e4c869460519114965) Importer(815301076,1909f56bfc062723c751e8b465ee728b)  -> (artifact id: '0143716bc3035b96bdf4f953d0e33592') in 0.006456 seconds
  Import took 0.011210 seconds .

========================================================================
Received Prepare
Registering precompiled user dll's ...
Registered in 0.003518 seconds.
Begin MonoManager ReloadAssembly
Native extension for WindowsStandalone target not found
Native extension for WebGL target not found
Refreshing native plugins compatible for Editor in 0.58 ms, found 2 plugins.
Preloading 0 native plugins for Editor in 0.00 ms.
Mono: successfully reloaded assembly
- Completed reload, in  1.134 seconds
Platform modules already initialized, skipping
Shader 'Universal Render Pipeline/Particles/Lit': fallback shader 'Universal Render Pipeline/Particles/SimpleLit' not found
Refreshing native plugins compatible for Editor in 0.56 ms, found 2 plugins.
Preloading 0 native plugins for Editor in 0.00 ms.
Unloading 2598 Unused Serialized files (Serialized files now loaded: 0)
System memory in use before: 130.6 MB.
System memory in use after: 130.1 MB.

Unloading 27 unused Assets to reduce memory usage. Loaded Objects now: 3200.
Total: 2.946920 ms (FindLiveObjects: 0.305020 ms CreateObjectMapping: 0.124445 ms MarkObjects: 2.118139 ms  DeleteObjects: 0.398033 ms)

========================================================================
Received Prepare
Registering precompiled user dll's ...
Registered in 0.060202 seconds.
Begin MonoManager ReloadAssembly
Native extension for WindowsStandalone target not found
Native extension for WebGL target not found
Refreshing native plugins compatible for Editor in 0.56 ms, found 2 plugins.
Preloading 0 native plugins for Editor in 0.00 ms.
Mono: successfully reloaded assembly
- Completed reload, in  1.219 seconds
Platform modules already initialized, skipping
Shader 'Universal Render Pipeline/Particles/Lit': fallback shader 'Universal Render Pipeline/Particles/SimpleLit' not found
Refreshing native plugins compatible for Editor in 0.56 ms, found 2 plugins.
Preloading 0 native plugins for Editor in 0.00 ms.
Unloading 2598 Unused Serialized files (Serialized files now loaded: 0)
System memory in use before: 130.6 MB.
System memory in use after: 130.1 MB.

Unloading 27 unused Assets to reduce memory usage. Loaded Objects now: 3203.
Total: 3.627200 ms (FindLiveObjects: 0.333886 ms CreateObjectMapping: 0.331320 ms MarkObjects: 2.411932 ms  DeleteObjects: 0.548779 ms)

========================================================================
Received Prepare
Registering precompiled user dll's ...
Registered in 0.003614 seconds.
Begin MonoManager ReloadAssembly
Native extension for WindowsStandalone target not found
Native extension for WebGL target not found
Refreshing native plugins compatible for Editor in 0.57 ms, found 2 plugins.
Preloading 0 native plugins for Editor in 0.00 ms.
Mono: successfully reloaded assembly
- Completed reload, in  1.112 seconds
Platform modules already initialized, skipping
Shader 'Universal Render Pipeline/Particles/Lit': fallback shader 'Universal Render Pipeline/Particles/SimpleLit' not found
Refreshing native plugins compatible for Editor in 0.56 ms, found 2 plugins.
Preloading 0 native plugins for Editor in 0.00 ms.
Unloading 2598 Unused Serialized files (Serialized files now loaded: 0)
System memory in use before: 130.6 MB.
System memory in use after: 130.1 MB.

Unloading 27 unused Assets to reduce memory usage. Loaded Objects now: 3206.
Total: 3.621747 ms (FindLiveObjects: 0.254664 ms CreateObjectMapping: 0.121238 ms MarkObjects: 2.815418 ms  DeleteObjects: 0.429144 ms)

========================================================================
Received Prepare
Registering precompiled user dll's ...
Registered in 0.003603 seconds.
Begin MonoManager ReloadAssembly
Native extension for WindowsStandalone target not found
Native extension for WebGL target not found
Refreshing native plugins compatible for Editor in 0.57 ms, found 2 plugins.
Preloading 0 native plugins for Editor in 0.00 ms.
Mono: successfully reloaded assembly
- Completed reload, in  1.089 seconds
Platform modules already initialized, skipping
Shader 'Universal Render Pipeline/Particles/Lit': fallback shader 'Universal Render Pipeline/Particles/SimpleLit' not found
Refreshing native plugins compatible for Editor in 0.61 ms, found 2 plugins.
Preloading 0 native plugins for Editor in 0.00 ms.
Unloading 2598 Unused Serialized files (Serialized files now loaded: 0)
System memory in use before: 130.6 MB.
System memory in use after: 130.2 MB.

Unloading 27 unused Assets to reduce memory usage. Loaded Objects now: 3209.
Total: 3.127173 ms (FindLiveObjects: 0.301492 ms CreateObjectMapping: 0.131502 ms MarkObjects: 2.270809 ms  DeleteObjects: 0.422088 ms)

========================================================================
Received Prepare
Registering precompiled user dll's ...
Registered in 0.004220 seconds.
Begin MonoManager ReloadAssembly
Native extension for WindowsStandalone target not found
Native extension for WebGL target not found
Refreshing native plugins compatible for Editor in 0.58 ms, found 2 plugins.
Preloading 0 native plugins for Editor in 0.00 ms.
Mono: successfully reloaded assembly
- Completed reload, in  1.906 seconds
Platform modules already initialized, skipping
Shader 'Universal Render Pipeline/Particles/Lit': fallback shader 'Universal Render Pipeline/Particles/SimpleLit' not found
Refreshing native plugins compatible for Editor in 0.71 ms, found 2 plugins.
Preloading 0 native plugins for Editor in 0.00 ms.
Unloading 2598 Unused Serialized files (Serialized files now loaded: 0)
System memory in use before: 130.6 MB.
System memory in use after: 130.2 MB.

Unloading 27 unused Assets to reduce memory usage. Loaded Objects now: 3212.
Total: 3.142889 ms (FindLiveObjects: 0.305982 ms CreateObjectMapping: 0.135350 ms MarkObjects: 2.274337 ms  DeleteObjects: 0.426258 ms)

========================================================================
Received Import Request.
  Time since last request: 18794.316599 seconds.
  path: Assets/Scenes/main.unity
  artifactKey: Guid(78a510c781f19db4da14f78ebb30946a) Importer(815301076,1909f56bfc062723c751e8b465ee728b)
Start importing Assets/Scenes/main.unity using Guid(78a510c781f19db4da14f78ebb30946a) Importer(815301076,1909f56bfc062723c751e8b465ee728b)  -> (artifact id: '039568ee5074c692d78da95f8c663d30') in 0.200388 seconds
  Import took 0.206621 seconds .

========================================================================
Received Import Request.
  Time since last request: 131.540862 seconds.
  path: Assets/Scenes/StartMenu.unity
  artifactKey: Guid(5bf14372aac752c4a82392d4770576b3) Importer(815301076,1909f56bfc062723c751e8b465ee728b)
Start importing Assets/Scenes/StartMenu.unity using Guid(5bf14372aac752c4a82392d4770576b3) Importer(815301076,1909f56bfc062723c751e8b465ee728b)  -> (artifact id: '5ccc3e3fb6207bbd9d90e364685bef6c') in 0.004152 seconds
  Import took 0.010573 seconds .

========================================================================
Received Prepare
Registering precompiled user dll's ...
Registered in 0.003647 seconds.
Begin MonoManager ReloadAssembly
Native extension for WindowsStandalone target not found
Native extension for WebGL target not found
Refreshing native plugins compatible for Editor in 0.58 ms, found 2 plugins.
Preloading 0 native plugins for Editor in 0.00 ms.
Mono: successfully reloaded assembly
- Completed reload, in  1.132 seconds
Platform modules already initialized, skipping
Shader 'Universal Render Pipeline/Particles/Lit': fallback shader 'Universal Render Pipeline/Particles/SimpleLit' not found
Refreshing native plugins compatible for Editor in 0.56 ms, found 2 plugins.
Preloading 0 native plugins for Editor in 0.00 ms.
Unloading 2598 Unused Serialized files (Serialized files now loaded: 0)
System memory in use before: 130.6 MB.
System memory in use after: 130.2 MB.

Unloading 27 unused Assets to reduce memory usage. Loaded Objects now: 3215.
Total: 3.657349 ms (FindLiveObjects: 0.316887 ms CreateObjectMapping: 0.233175 ms MarkObjects: 2.719197 ms  DeleteObjects: 0.387128 ms)

========================================================================
Received Prepare
Registering precompiled user dll's ...
Registered in 0.003861 seconds.
Begin MonoManager ReloadAssembly
Native extension for WindowsStandalone target not found
Native extension for WebGL target not found
Refreshing native plugins compatible for Editor in 0.64 ms, found 2 plugins.
Preloading 0 native plugins for Editor in 0.00 ms.
Mono: successfully reloaded assembly
- Completed reload, in  1.106 seconds
Platform modules already initialized, skipping
Shader 'Universal Render Pipeline/Particles/Lit': fallback shader 'Universal Render Pipeline/Particles/SimpleLit' not found
Refreshing native plugins compatible for Editor in 0.57 ms, found 2 plugins.
Preloading 0 native plugins for Editor in 0.00 ms.
Unloading 2598 Unused Serialized files (Serialized files now loaded: 0)
System memory in use before: 130.6 MB.
System memory in use after: 130.2 MB.

Unloading 27 unused Assets to reduce memory usage. Loaded Objects now: 3218.
Total: 2.966484 ms (FindLiveObjects: 0.311114 ms CreateObjectMapping: 0.126370 ms MarkObjects: 2.130647 ms  DeleteObjects: 0.397392 ms)

========================================================================
Received Import Request.
  Time since last request: 427.723982 seconds.
  path: Assets/Scenes/StartMenu.unity
  artifactKey: Guid(5bf14372aac752c4a82392d4770576b3) Importer(815301076,1909f56bfc062723c751e8b465ee728b)
Start importing Assets/Scenes/StartMenu.unity using Guid(5bf14372aac752c4a82392d4770576b3) Importer(815301076,1909f56bfc062723c751e8b465ee728b)  -> (artifact id: '9789293a37f112f7177f37c9364a2b9f') in 0.023208 seconds
  Import took 0.029058 seconds .

========================================================================
Received Prepare
Registering precompiled user dll's ...
Registered in 0.003579 seconds.
Begin MonoManager ReloadAssembly
Native extension for WindowsStandalone target not found
Native extension for WebGL target not found
Refreshing native plugins compatible for Editor in 0.59 ms, found 2 plugins.
Preloading 0 native plugins for Editor in 0.00 ms.
Mono: successfully reloaded assembly
- Completed reload, in  1.155 seconds
Platform modules already initialized, skipping
Shader 'Universal Render Pipeline/Particles/Lit': fallback shader 'Universal Render Pipeline/Particles/SimpleLit' not found
Refreshing native plugins compatible for Editor in 0.64 ms, found 2 plugins.
Preloading 0 native plugins for Editor in 0.00 ms.
Unloading 2598 Unused Serialized files (Serialized files now loaded: 0)
System memory in use before: 130.6 MB.
System memory in use after: 130.2 MB.

Unloading 27 unused Assets to reduce memory usage. Loaded Objects now: 3221.
Total: 4.090984 ms (FindLiveObjects: 0.303737 ms CreateObjectMapping: 0.126691 ms MarkObjects: 3.222752 ms  DeleteObjects: 0.436201 ms)

========================================================================
Received Prepare
Registering precompiled user dll's ...
Registered in 0.004054 seconds.
Begin MonoManager ReloadAssembly
Native extension for WindowsStandalone target not found
Native extension for WebGL target not found
Refreshing native plugins compatible for Editor in 0.61 ms, found 2 plugins.
Preloading 0 native plugins for Editor in 0.00 ms.
Mono: successfully reloaded assembly
- Completed reload, in  1.166 seconds
Platform modules already initialized, skipping
Shader 'Universal Render Pipeline/Particles/Lit': fallback shader 'Universal Render Pipeline/Particles/SimpleLit' not found
Refreshing native plugins compatible for Editor in 0.72 ms, found 2 plugins.
Preloading 0 native plugins for Editor in 0.00 ms.
Unloading 2598 Unused Serialized files (Serialized files now loaded: 0)
System memory in use before: 130.6 MB.
System memory in use after: 130.2 MB.

Unloading 27 unused Assets to reduce memory usage. Loaded Objects now: 3224.
Total: 3.985141 ms (FindLiveObjects: 0.299246 ms CreateObjectMapping: 0.138879 ms MarkObjects: 3.014595 ms  DeleteObjects: 0.521195 ms)

========================================================================
Received Prepare
Registering precompiled user dll's ...
Registered in 0.004133 seconds.
Begin MonoManager ReloadAssembly
Native extension for WindowsStandalone target not found
Native extension for WebGL target not found
Refreshing native plugins compatible for Editor in 0.70 ms, found 2 plugins.
Preloading 0 native plugins for Editor in 0.00 ms.
Mono: successfully reloaded assembly
- Completed reload, in  1.189 seconds
Platform modules already initialized, skipping
Shader 'Universal Render Pipeline/Particles/Lit': fallback shader 'Universal Render Pipeline/Particles/SimpleLit' not found
Refreshing native plugins compatible for Editor in 0.64 ms, found 2 plugins.
Preloading 0 native plugins for Editor in 0.00 ms.
Unloading 2598 Unused Serialized files (Serialized files now loaded: 0)
System memory in use before: 130.6 MB.
System memory in use after: 130.2 MB.

Unloading 27 unused Assets to reduce memory usage. Loaded Objects now: 3227.
Total: 3.390818 ms (FindLiveObjects: 0.275191 ms CreateObjectMapping: 0.123483 ms MarkObjects: 2.545679 ms  DeleteObjects: 0.444860 ms)

========================================================================
Received Prepare
Registering precompiled user dll's ...
Registered in 0.004075 seconds.
Begin MonoManager ReloadAssembly
Native extension for WindowsStandalone target not found
Native extension for WebGL target not found
Refreshing native plugins compatible for Editor in 0.54 ms, found 2 plugins.
Preloading 0 native plugins for Editor in 0.00 ms.
Mono: successfully reloaded assembly
- Completed reload, in  1.139 seconds
Platform modules already initialized, skipping
Shader 'Universal Render Pipeline/Particles/Lit': fallback shader 'Universal Render Pipeline/Particles/SimpleLit' not found
Refreshing native plugins compatible for Editor in 0.56 ms, found 2 plugins.
Preloading 0 native plugins for Editor in 0.00 ms.
Unloading 2598 Unused Serialized files (Serialized files now loaded: 0)
System memory in use before: 130.6 MB.
System memory in use after: 130.2 MB.

Unloading 27 unused Assets to reduce memory usage. Loaded Objects now: 3230.
Total: 3.664405 ms (FindLiveObjects: 0.263645 ms CreateObjectMapping: 0.126370 ms MarkObjects: 2.853585 ms  DeleteObjects: 0.420164 ms)

========================================================================
Received Prepare
Registering precompiled user dll's ...
Registered in 0.003636 seconds.
Begin MonoManager ReloadAssembly
Native extension for WindowsStandalone target not found
Native extension for WebGL target not found
Refreshing native plugins compatible for Editor in 0.77 ms, found 2 plugins.
Preloading 0 native plugins for Editor in 0.00 ms.
Mono: successfully reloaded assembly
- Completed reload, in  1.210 seconds
Platform modules already initialized, skipping
Shader 'Universal Render Pipeline/Particles/Lit': fallback shader 'Universal Render Pipeline/Particles/SimpleLit' not found
Refreshing native plugins compatible for Editor in 0.56 ms, found 2 plugins.
Preloading 0 native plugins for Editor in 0.00 ms.
Unloading 2598 Unused Serialized files (Serialized files now loaded: 0)
System memory in use before: 130.6 MB.
System memory in use after: 130.2 MB.

Unloading 27 unused Assets to reduce memory usage. Loaded Objects now: 3233.
Total: 2.958145 ms (FindLiveObjects: 0.270380 ms CreateObjectMapping: 0.130219 ms MarkObjects: 2.160476 ms  DeleteObjects: 0.395788 ms)

========================================================================
Received Prepare
Registering precompiled user dll's ...
Registered in 0.003914 seconds.
Begin MonoManager ReloadAssembly
Native extension for WindowsStandalone target not found
Native extension for WebGL target not found
Refreshing native plugins compatible for Editor in 0.58 ms, found 2 plugins.
Preloading 0 native plugins for Editor in 0.00 ms.
Mono: successfully reloaded assembly
- Completed reload, in  1.155 seconds
Platform modules already initialized, skipping
Shader 'Universal Render Pipeline/Particles/Lit': fallback shader 'Universal Render Pipeline/Particles/SimpleLit' not found
Refreshing native plugins compatible for Editor in 0.57 ms, found 2 plugins.
Preloading 0 native plugins for Editor in 0.00 ms.
Unloading 2598 Unused Serialized files (Serialized files now loaded: 0)
System memory in use before: 130.7 MB.
System memory in use after: 130.2 MB.

Unloading 27 unused Assets to reduce memory usage. Loaded Objects now: 3236.
Total: 9.037370 ms (FindLiveObjects: 0.373016 ms CreateObjectMapping: 0.259154 ms MarkObjects: 7.805103 ms  DeleteObjects: 0.598814 ms)

========================================================================
Received Prepare
Registering precompiled user dll's ...
Registered in 0.003724 seconds.
Begin MonoManager ReloadAssembly
Native extension for WindowsStandalone target not found
Native extension for WebGL target not found
Refreshing native plugins compatible for Editor in 0.67 ms, found 2 plugins.
Preloading 0 native plugins for Editor in 0.00 ms.
Mono: successfully reloaded assembly
- Completed reload, in  1.134 seconds
Platform modules already initialized, skipping
Shader 'Universal Render Pipeline/Particles/Lit': fallback shader 'Universal Render Pipeline/Particles/SimpleLit' not found
Refreshing native plugins compatible for Editor in 0.60 ms, found 2 plugins.
Preloading 0 native plugins for Editor in 0.00 ms.
Unloading 2598 Unused Serialized files (Serialized files now loaded: 0)
System memory in use before: 130.7 MB.
System memory in use after: 130.2 MB.

Unloading 27 unused Assets to reduce memory usage. Loaded Objects now: 3239.
Total: 3.981292 ms (FindLiveObjects: 0.406372 ms CreateObjectMapping: 0.315925 ms MarkObjects: 2.716952 ms  DeleteObjects: 0.540760 ms)

========================================================================
Received Prepare
Registering precompiled user dll's ...
Registered in 0.003834 seconds.
Begin MonoManager ReloadAssembly
Native extension for WindowsStandalone target not found
Native extension for WebGL target not found
Refreshing native plugins compatible for Editor in 0.64 ms, found 2 plugins.
Preloading 0 native plugins for Editor in 0.00 ms.
Mono: successfully reloaded assembly
- Completed reload, in  1.172 seconds
Platform modules already initialized, skipping
Shader 'Universal Render Pipeline/Particles/Lit': fallback shader 'Universal Render Pipeline/Particles/SimpleLit' not found
Refreshing native plugins compatible for Editor in 0.61 ms, found 2 plugins.
Preloading 0 native plugins for Editor in 0.00 ms.
Unloading 2598 Unused Serialized files (Serialized files now loaded: 0)
System memory in use before: 130.7 MB.
System memory in use after: 130.2 MB.

Unloading 27 unused Assets to reduce memory usage. Loaded Objects now: 3242.
Total: 4.336347 ms (FindLiveObjects: 0.362752 ms CreateObjectMapping: 0.277757 ms MarkObjects: 3.046348 ms  DeleteObjects: 0.647886 ms)

========================================================================
Received Import Request.
  Time since last request: 1984.982050 seconds.
  path: Assets/Scenes/main.unity
  artifactKey: Guid(78a510c781f19db4da14f78ebb30946a) Importer(815301076,1909f56bfc062723c751e8b465ee728b)
Start importing Assets/Scenes/main.unity using Guid(78a510c781f19db4da14f78ebb30946a) Importer(815301076,1909f56bfc062723c751e8b465ee728b)  -> (artifact id: '35b8ab6c0bec145e09282115b3623dc1') in 0.018784 seconds
  Import took 0.024839 seconds .

========================================================================
Received Prepare
Registering precompiled user dll's ...
Registered in 0.003507 seconds.
Begin MonoManager ReloadAssembly
Native extension for WindowsStandalone target not found
Native extension for WebGL target not found
Refreshing native plugins compatible for Editor in 0.55 ms, found 2 plugins.
Preloading 0 native plugins for Editor in 0.00 ms.
Mono: successfully reloaded assembly
- Completed reload, in  1.126 seconds
Platform modules already initialized, skipping
Shader 'Universal Render Pipeline/Particles/Lit': fallback shader 'Universal Render Pipeline/Particles/SimpleLit' not found
Refreshing native plugins compatible for Editor in 0.59 ms, found 2 plugins.
Preloading 0 native plugins for Editor in 0.00 ms.
Unloading 2598 Unused Serialized files (Serialized files now loaded: 0)
System memory in use before: 130.7 MB.
System memory in use after: 130.3 MB.

Unloading 27 unused Assets to reduce memory usage. Loaded Objects now: 3245.
Total: 3.161171 ms (FindLiveObjects: 0.261720 ms CreateObjectMapping: 0.120597 ms MarkObjects: 2.339446 ms  DeleteObjects: 0.437804 ms)

========================================================================
Received Import Request.
  Time since last request: 17.863548 seconds.
  path: Assets/Scenes/StartMenu.unity
  artifactKey: Guid(5bf14372aac752c4a82392d4770576b3) Importer(815301076,1909f56bfc062723c751e8b465ee728b)
Start importing Assets/Scenes/StartMenu.unity using Guid(5bf14372aac752c4a82392d4770576b3) Importer(815301076,1909f56bfc062723c751e8b465ee728b)  -> (artifact id: '2102f72f4aa7487c5296e396ab54a2e3') in 0.017767 seconds
  Import took 0.022837 seconds .

========================================================================
Received Prepare
Registering precompiled user dll's ...
Registered in 0.004015 seconds.
Begin MonoManager ReloadAssembly
Native extension for WindowsStandalone target not found
Native extension for WebGL target not found
Refreshing native plugins compatible for Editor in 0.62 ms, found 2 plugins.
Preloading 0 native plugins for Editor in 0.00 ms.
Mono: successfully reloaded assembly
- Completed reload, in  1.148 seconds
Platform modules already initialized, skipping
Shader 'Universal Render Pipeline/Particles/Lit': fallback shader 'Universal Render Pipeline/Particles/SimpleLit' not found
Refreshing native plugins compatible for Editor in 0.56 ms, found 2 plugins.
Preloading 0 native plugins for Editor in 0.00 ms.
Unloading 2598 Unused Serialized files (Serialized files now loaded: 0)
System memory in use before: 130.7 MB.
System memory in use after: 130.3 MB.

Unloading 27 unused Assets to reduce memory usage. Loaded Objects now: 3248.
Total: 7.638000 ms (FindLiveObjects: 0.384883 ms CreateObjectMapping: 0.258834 ms MarkObjects: 2.564282 ms  DeleteObjects: 4.428398 ms)

========================================================================
Received Prepare
Registering precompiled user dll's ...
Registered in 0.004181 seconds.
Begin MonoManager ReloadAssembly
Native extension for WindowsStandalone target not found
Native extension for WebGL target not found
Refreshing native plugins compatible for Editor in 0.61 ms, found 2 plugins.
Preloading 0 native plugins for Editor in 0.00 ms.
Mono: successfully reloaded assembly
- Completed reload, in  1.137 seconds
Platform modules already initialized, skipping
Shader 'Universal Render Pipeline/Particles/Lit': fallback shader 'Universal Render Pipeline/Particles/SimpleLit' not found
Refreshing native plugins compatible for Editor in 0.69 ms, found 2 plugins.
Preloading 0 native plugins for Editor in 0.00 ms.
Unloading 2598 Unused Serialized files (Serialized files now loaded: 0)
System memory in use before: 130.7 MB.
System memory in use after: 130.3 MB.

Unloading 27 unused Assets to reduce memory usage. Loaded Objects now: 3251.
Total: 4.669270 ms (FindLiveObjects: 0.441332 ms CreateObjectMapping: 0.487839 ms MarkObjects: 3.292993 ms  DeleteObjects: 0.445823 ms)

========================================================================
Received Prepare
Registering precompiled user dll's ...
Registered in 0.004470 seconds.
Begin MonoManager ReloadAssembly
Native extension for WindowsStandalone target not found
Native extension for WebGL target not found
Refreshing native plugins compatible for Editor in 0.71 ms, found 2 plugins.
Preloading 0 native plugins for Editor in 0.00 ms.
Mono: successfully reloaded assembly
- Completed reload, in  1.346 seconds
Platform modules already initialized, skipping
Shader 'Universal Render Pipeline/Particles/Lit': fallback shader 'Universal Render Pipeline/Particles/SimpleLit' not found
Refreshing native plugins compatible for Editor in 0.75 ms, found 2 plugins.
Preloading 0 native plugins for Editor in 0.00 ms.
Unloading 2598 Unused Serialized files (Serialized files now loaded: 0)
System memory in use before: 130.7 MB.
System memory in use after: 130.3 MB.

Unloading 27 unused Assets to reduce memory usage. Loaded Objects now: 3254.
Total: 5.895122 ms (FindLiveObjects: 1.225210 ms CreateObjectMapping: 0.425937 ms MarkObjects: 3.723100 ms  DeleteObjects: 0.519271 ms)

========================================================================
Received Prepare
Registering precompiled user dll's ...
Registered in 0.004451 seconds.
Begin MonoManager ReloadAssembly
Native extension for WindowsStandalone target not found
Native extension for WebGL target not found
Refreshing native plugins compatible for Editor in 0.60 ms, found 2 plugins.
Preloading 0 native plugins for Editor in 0.00 ms.
Mono: successfully reloaded assembly
- Completed reload, in  1.313 seconds
Platform modules already initialized, skipping
Shader 'Universal Render Pipeline/Particles/Lit': fallback shader 'Universal Render Pipeline/Particles/SimpleLit' not found
Refreshing native plugins compatible for Editor in 0.79 ms, found 2 plugins.
Preloading 0 native plugins for Editor in 0.00 ms.
Unloading 2598 Unused Serialized files (Serialized files now loaded: 0)
System memory in use before: 130.7 MB.
System memory in use after: 130.3 MB.

Unloading 27 unused Assets to reduce memory usage. Loaded Objects now: 3257.
Total: 4.460151 ms (FindLiveObjects: 0.314321 ms CreateObjectMapping: 0.130539 ms MarkObjects: 3.561128 ms  DeleteObjects: 0.452558 ms)

========================================================================
Received Prepare
Registering precompiled user dll's ...
Registered in 0.003814 seconds.
Begin MonoManager ReloadAssembly
Native extension for WindowsStandalone target not found
Native extension for WebGL target not found
Refreshing native plugins compatible for Editor in 0.70 ms, found 2 plugins.
Preloading 0 native plugins for Editor in 0.00 ms.
Mono: successfully reloaded assembly
- Completed reload, in  1.204 seconds
Platform modules already initialized, skipping
Shader 'Universal Render Pipeline/Particles/Lit': fallback shader 'Universal Render Pipeline/Particles/SimpleLit' not found
Refreshing native plugins compatible for Editor in 0.67 ms, found 2 plugins.
Preloading 0 native plugins for Editor in 0.00 ms.
Unloading 2598 Unused Serialized files (Serialized files now loaded: 0)
System memory in use before: 130.7 MB.
System memory in use after: 130.3 MB.

Unloading 27 unused Assets to reduce memory usage. Loaded Objects now: 3260.
Total: 4.013045 ms (FindLiveObjects: 0.407655 ms CreateObjectMapping: 0.328113 ms MarkObjects: 2.735875 ms  DeleteObjects: 0.540119 ms)

========================================================================
Received Prepare
Registering precompiled user dll's ...
Registered in 0.008134 seconds.
Begin MonoManager ReloadAssembly
Native extension for WindowsStandalone target not found
Native extension for WebGL target not found
Refreshing native plugins compatible for Editor in 0.63 ms, found 2 plugins.
Preloading 0 native plugins for Editor in 0.00 ms.
Mono: successfully reloaded assembly
- Completed reload, in  1.311 seconds
Platform modules already initialized, skipping
Shader 'Universal Render Pipeline/Particles/Lit': fallback shader 'Universal Render Pipeline/Particles/SimpleLit' not found
Refreshing native plugins compatible for Editor in 0.71 ms, found 2 plugins.
Preloading 0 native plugins for Editor in 0.00 ms.
Unloading 2598 Unused Serialized files (Serialized files now loaded: 0)
System memory in use before: 130.7 MB.
System memory in use after: 130.3 MB.

Unloading 27 unused Assets to reduce memory usage. Loaded Objects now: 3263.
Total: 3.576203 ms (FindLiveObjects: 0.288983 ms CreateObjectMapping: 0.129898 ms MarkObjects: 2.664031 ms  DeleteObjects: 0.491046 ms)

========================================================================
Received Prepare
Registering precompiled user dll's ...
Registered in 0.003839 seconds.
Begin MonoManager ReloadAssembly
Native extension for WindowsStandalone target not found
Native extension for WebGL target not found
Refreshing native plugins compatible for Editor in 0.74 ms, found 2 plugins.
Preloading 0 native plugins for Editor in 0.00 ms.
Mono: successfully reloaded assembly
- Completed reload, in  1.173 seconds
Platform modules already initialized, skipping
Shader 'Universal Render Pipeline/Particles/Lit': fallback shader 'Universal Render Pipeline/Particles/SimpleLit' not found
Refreshing native plugins compatible for Editor in 0.57 ms, found 2 plugins.
Preloading 0 native plugins for Editor in 0.00 ms.
Unloading 2598 Unused Serialized files (Serialized files now loaded: 0)
System memory in use before: 130.8 MB.
System memory in use after: 130.3 MB.

Unloading 27 unused Assets to reduce memory usage. Loaded Objects now: 3266.
Total: 3.941200 ms (FindLiveObjects: 0.416956 ms CreateObjectMapping: 0.291549 ms MarkObjects: 2.779495 ms  DeleteObjects: 0.451917 ms)

